18:45:21.672 [main] INFO  TestCases.TC_001_Login - ***Starting of the TC_001_Login***
18:45:26.128 [main] INFO  TestCases.TC_001_Login - ***Starting of the TC_001_Login***
18:46:29.630 [main] INFO  TestCases.TC_001_Login - Login failed for user: Ratan@yopmail.com
18:46:29.633 [main] INFO  TestCases.TC_001_Login - ***Starting of the TC_001_Login***
18:47:33.215 [main] INFO  TestCases.TC_001_Login - Login failed for user: yakut@yopmail.com
18:47:33.219 [main] INFO  TestCases.TC_001_Login - ***Starting of the TC_001_Login***
18:48:36.797 [main] INFO  TestCases.TC_001_Login - Login failed for user: ratantt@yopmail.com
23:22:22.212 [main] INFO  TestCases.TC_001_Login - ***Starting of the TC_001_Login***
23:23:25.733 [main] INFO  TestCases.TC_001_Login - Login failed for user: Admin
23:23:25.751 [main] INFO  TestCases.TC_001_Login - ***Starting of the TC_001_Login***
23:23:29.317 [main] INFO  TestCases.TC_001_Login - ***Starting of the TC_001_Login***
23:24:33.056 [main] INFO  TestCases.TC_001_Login - Login failed for user: Ratan@yopmail.com
23:24:33.060 [main] INFO  TestCases.TC_001_Login - ***Starting of the TC_001_Login***
23:25:36.716 [main] INFO  TestCases.TC_001_Login - Login failed for user: yakut@yopmail.com
23:25:36.719 [main] INFO  TestCases.TC_001_Login - ***Starting of the TC_001_Login***
23:26:40.049 [main] INFO  TestCases.TC_001_Login - Login failed for user: ratantt@yopmail.com
23:31:09.159 [main] INFO  TestCases.TC_001_Login - ***Starting of the TC_001_Login***
23:31:12.474 [main] INFO  TestCases.TC_001_Login - ***Starting of the TC_001_Login***
23:31:34.356 [main] INFO  TestCases.TC_001_Login - Login failed for user: Admin
23:32:04.664 [main] INFO  TestCases.TC_001_Login - ***Starting of the TC_001_Login***
23:32:07.857 [main] INFO  TestCases.TC_001_Login - ***Starting of the TC_001_Login***
23:32:29.404 [main] INFO  TestCases.TC_001_Login - Login failed for user: Admin
23:37:47.456 [main] INFO  TestCases.TC_001_Login - ***Starting of the TC_001_Login***
23:37:50.212 [main] INFO  TestCases.TC_001_Login - ***Starting of the TC_001_Login***
23:38:12.257 [main] INFO  TestCases.TC_001_Login - Login failed for user: Admin
23:39:28.062 [main] INFO  TestCases.TC_001_Login - ***Starting of the TC_001_Login***
23:39:31.520 [main] INFO  TestCases.TC_001_Login - ***Starting of the TC_001_Login***
23:39:53.275 [main] INFO  TestCases.TC_001_Login - Login failed for user: Admin
